{"C:\\Users\\johan\\Downloads\\PruebaTesting\\CafeteríaNanacao\\index.js": {"path":"C:\\Users\\johan\\Downloads\\PruebaTesting\\CafeteríaNanacao\\index.js","statementMap":{"0":{"start":{"line":1,"column":17},"end":{"line":1,"column":35}},"1":{"start":{"line":2,"column":12},"end":{"line":2,"column":21}},"2":{"start":{"line":4,"column":14},"end":{"line":4,"column":37}},"3":{"start":{"line":5,"column":13},"end":{"line":5,"column":37}},"4":{"start":{"line":10,"column":0},"end":{"line":10,"column":23}},"5":{"start":{"line":12,"column":0},"end":{"line":14,"column":2}},"6":{"start":{"line":13,"column":4},"end":{"line":13,"column":31}},"7":{"start":{"line":16,"column":0},"end":{"line":21,"column":2}},"8":{"start":{"line":17,"column":19},"end":{"line":17,"column":29}},"9":{"start":{"line":18,"column":17},"end":{"line":18,"column":44}},"10":{"start":{"line":18,"column":33},"end":{"line":18,"column":43}},"11":{"start":{"line":19,"column":4},"end":{"line":20,"column":83}},"12":{"start":{"line":19,"column":14},"end":{"line":19,"column":40}},"13":{"start":{"line":20,"column":9},"end":{"line":20,"column":83}},"14":{"start":{"line":23,"column":0},"end":{"line":32,"column":2}},"15":{"start":{"line":24,"column":17},"end":{"line":24,"column":25}},"16":{"start":{"line":25,"column":19},"end":{"line":25,"column":23}},"17":{"start":{"line":26,"column":33},"end":{"line":26,"column":60}},"18":{"start":{"line":26,"column":49},"end":{"line":26,"column":59}},"19":{"start":{"line":27,"column":4},"end":{"line":31,"column":5}},"20":{"start":{"line":27,"column":30},"end":{"line":27,"column":95}},"21":{"start":{"line":29,"column":8},"end":{"line":29,"column":24}},"22":{"start":{"line":30,"column":8},"end":{"line":30,"column":35}},"23":{"start":{"line":34,"column":0},"end":{"line":53,"column":3}},"24":{"start":{"line":35,"column":17},"end":{"line":35,"column":25}},"25":{"start":{"line":36,"column":19},"end":{"line":36,"column":29}},"26":{"start":{"line":37,"column":4},"end":{"line":42,"column":15}},"27":{"start":{"line":38,"column":8},"end":{"line":42,"column":15}},"28":{"start":{"line":44,"column":27},"end":{"line":44,"column":61}},"29":{"start":{"line":44,"column":50},"end":{"line":44,"column":60}},"30":{"start":{"line":45,"column":4},"end":{"line":52,"column":5}},"31":{"start":{"line":46,"column":8},"end":{"line":46,"column":37}},"32":{"start":{"line":47,"column":8},"end":{"line":47,"column":24}},"33":{"start":{"line":49,"column":8},"end":{"line":51,"column":72}},"34":{"start":{"line":55,"column":0},"end":{"line":70,"column":2}},"35":{"start":{"line":56,"column":16},"end":{"line":56,"column":43}},"36":{"start":{"line":57,"column":4},"end":{"line":69,"column":88}},"37":{"start":{"line":58,"column":23},"end":{"line":58,"column":33}},"38":{"start":{"line":59,"column":31},"end":{"line":59,"column":63}},"39":{"start":{"line":59,"column":52},"end":{"line":59,"column":62}},"40":{"start":{"line":61,"column":8},"end":{"line":67,"column":9}},"41":{"start":{"line":62,"column":12},"end":{"line":62,"column":43}},"42":{"start":{"line":63,"column":32},"end":{"line":63,"column":102}},"43":{"start":{"line":64,"column":12},"end":{"line":64,"column":27}},"44":{"start":{"line":66,"column":12},"end":{"line":66,"column":86}},"45":{"start":{"line":69,"column":11},"end":{"line":69,"column":88}},"46":{"start":{"line":72,"column":0},"end":{"line":74,"column":2}},"47":{"start":{"line":73,"column":4},"end":{"line":73,"column":80}},"48":{"start":{"line":76,"column":0},"end":{"line":83,"column":68}},"49":{"start":{"line":83,"column":85},"end":{"line":83,"column":38921}},"50":{"start":{"line":83,"column":89},"end":{"line":83,"column":38910}}},"fnMap":{"0":{"name":"(anonymous_0)","decl":{"start":{"line":12,"column":18},"end":{"line":12,"column":19}},"loc":{"start":{"line":12,"column":32},"end":{"line":14,"column":1}},"line":12},"1":{"name":"(anonymous_1)","decl":{"start":{"line":16,"column":22},"end":{"line":16,"column":23}},"loc":{"start":{"line":16,"column":36},"end":{"line":21,"column":1}},"line":16},"2":{"name":"(anonymous_2)","decl":{"start":{"line":18,"column":28},"end":{"line":18,"column":29}},"loc":{"start":{"line":18,"column":33},"end":{"line":18,"column":43}},"line":18},"3":{"name":"(anonymous_3)","decl":{"start":{"line":23,"column":19},"end":{"line":23,"column":20}},"loc":{"start":{"line":23,"column":33},"end":{"line":32,"column":1}},"line":23},"4":{"name":"(anonymous_4)","decl":{"start":{"line":26,"column":44},"end":{"line":26,"column":45}},"loc":{"start":{"line":26,"column":49},"end":{"line":26,"column":59}},"line":26},"5":{"name":"(anonymous_5)","decl":{"start":{"line":34,"column":22},"end":{"line":34,"column":23}},"loc":{"start":{"line":34,"column":36},"end":{"line":53,"column":1}},"line":34},"6":{"name":"(anonymous_6)","decl":{"start":{"line":44,"column":43},"end":{"line":44,"column":44}},"loc":{"start":{"line":44,"column":50},"end":{"line":44,"column":60}},"line":44},"7":{"name":"(anonymous_7)","decl":{"start":{"line":55,"column":25},"end":{"line":55,"column":26}},"loc":{"start":{"line":55,"column":39},"end":{"line":70,"column":1}},"line":55},"8":{"name":"(anonymous_8)","decl":{"start":{"line":59,"column":47},"end":{"line":59,"column":48}},"loc":{"start":{"line":59,"column":52},"end":{"line":59,"column":62}},"line":59},"9":{"name":"(anonymous_9)","decl":{"start":{"line":72,"column":13},"end":{"line":72,"column":14}},"loc":{"start":{"line":72,"column":27},"end":{"line":74,"column":1}},"line":72},"10":{"name":"oo_cm","decl":{"start":{"line":83,"column":77},"end":{"line":83,"column":82}},"loc":{"start":{"line":83,"column":84},"end":{"line":83,"column":38922}},"line":83}},"branchMap":{"0":{"loc":{"start":{"line":5,"column":13},"end":{"line":5,"column":37}},"type":"binary-expr","locations":[{"start":{"line":5,"column":13},"end":{"line":5,"column":29}},{"start":{"line":5,"column":33},"end":{"line":5,"column":37}}],"line":5},"1":{"loc":{"start":{"line":19,"column":4},"end":{"line":20,"column":83}},"type":"if","locations":[{"start":{"line":19,"column":4},"end":{"line":20,"column":83}},{"start":{"line":20,"column":9},"end":{"line":20,"column":83}}],"line":19},"2":{"loc":{"start":{"line":27,"column":4},"end":{"line":31,"column":5}},"type":"if","locations":[{"start":{"line":27,"column":4},"end":{"line":31,"column":5}},{"start":{"line":28,"column":9},"end":{"line":31,"column":5}}],"line":27},"3":{"loc":{"start":{"line":37,"column":4},"end":{"line":42,"column":15}},"type":"if","locations":[{"start":{"line":37,"column":4},"end":{"line":42,"column":15}},{"start":{},"end":{}}],"line":37},"4":{"loc":{"start":{"line":45,"column":4},"end":{"line":52,"column":5}},"type":"if","locations":[{"start":{"line":45,"column":4},"end":{"line":52,"column":5}},{"start":{"line":48,"column":11},"end":{"line":52,"column":5}}],"line":45},"5":{"loc":{"start":{"line":57,"column":4},"end":{"line":69,"column":88}},"type":"if","locations":[{"start":{"line":57,"column":4},"end":{"line":69,"column":88}},{"start":{"line":69,"column":11},"end":{"line":69,"column":88}}],"line":57},"6":{"loc":{"start":{"line":61,"column":8},"end":{"line":67,"column":9}},"type":"if","locations":[{"start":{"line":61,"column":8},"end":{"line":67,"column":9}},{"start":{"line":65,"column":15},"end":{"line":67,"column":9}}],"line":61},"7":{"loc":{"start":{"line":83,"column":96},"end":{"line":83,"column":38909}},"type":"binary-expr","locations":[{"start":{"line":83,"column":96},"end":{"line":83,"column":133}},{"start":{"line":83,"column":137},"end":{"line":83,"column":38909}}],"line":83}},"s":{"0":1,"1":1,"2":1,"3":1,"4":1,"5":1,"6":1,"7":1,"8":0,"9":0,"10":0,"11":0,"12":0,"13":0,"14":1,"15":1,"16":1,"17":1,"18":4,"19":1,"20":0,"21":1,"22":1,"23":1,"24":1,"25":1,"26":1,"27":1,"28":0,"29":0,"30":0,"31":0,"32":0,"33":0,"34":1,"35":1,"36":1,"37":1,"38":1,"39":4,"40":1,"41":0,"42":0,"43":0,"44":1,"45":0,"46":1,"47":0,"48":1,"49":0,"50":0},"f":{"0":1,"1":0,"2":0,"3":1,"4":4,"5":1,"6":0,"7":1,"8":4,"9":0,"10":0},"b":{"0":[1,1],"1":[0,0],"2":[0,1],"3":[1,0],"4":[0,0],"5":[1,0],"6":[0,1],"7":[0,0]},"_coverageSchema":"1a1c01bbd47fc00a2c39e90264f33305004495a9","hash":"7ae5ca1ef2a3de01bf160326586950909c3e1ab1"}
,"C:\\Users\\johan\\Downloads\\PruebaTesting\\CafeteríaNanacao\\server.js": {"path":"C:\\Users\\johan\\Downloads\\PruebaTesting\\CafeteríaNanacao\\server.js","statementMap":{"0":{"start":{"line":1,"column":12},"end":{"line":1,"column":30}},"1":{"start":{"line":3,"column":13},"end":{"line":3,"column":37}},"2":{"start":{"line":5,"column":15},"end":{"line":7,"column":2}},"3":{"start":{"line":6,"column":24},"end":{"line":6,"column":111}},"4":{"start":{"line":9,"column":0},"end":{"line":9,"column":24}},"5":{"start":{"line":16,"column":85},"end":{"line":16,"column":38921}},"6":{"start":{"line":16,"column":89},"end":{"line":16,"column":38910}}},"fnMap":{"0":{"name":"(anonymous_0)","decl":{"start":{"line":5,"column":32},"end":{"line":5,"column":33}},"loc":{"start":{"line":5,"column":38},"end":{"line":7,"column":1}},"line":5},"1":{"name":"oo_cm","decl":{"start":{"line":16,"column":77},"end":{"line":16,"column":82}},"loc":{"start":{"line":16,"column":84},"end":{"line":16,"column":38922}},"line":16}},"branchMap":{"0":{"loc":{"start":{"line":3,"column":13},"end":{"line":3,"column":37}},"type":"binary-expr","locations":[{"start":{"line":3,"column":13},"end":{"line":3,"column":29}},{"start":{"line":3,"column":33},"end":{"line":3,"column":37}}],"line":3},"1":{"loc":{"start":{"line":16,"column":96},"end":{"line":16,"column":38909}},"type":"binary-expr","locations":[{"start":{"line":16,"column":96},"end":{"line":16,"column":133}},{"start":{"line":16,"column":137},"end":{"line":16,"column":38909}}],"line":16}},"s":{"0":1,"1":1,"2":1,"3":1,"4":1,"5":1,"6":1},"f":{"0":1,"1":1},"b":{"0":[1,1],"1":[1,1]},"_coverageSchema":"1a1c01bbd47fc00a2c39e90264f33305004495a9","hash":"fe1ea9d6c7decf09afc8e6ce3b360d2f48c8fb79"}
}
