TN:
SF:index.js
FN:12,(anonymous_0)
FN:16,(anonymous_1)
FN:18,(anonymous_2)
FN:23,(anonymous_3)
FN:26,(anonymous_4)
FN:34,(anonymous_5)
FN:44,(anonymous_6)
FN:55,(anonymous_7)
FN:59,(anonymous_8)
FN:72,(anonymous_9)
FN:83,oo_cm
FNF:11
FNH:6
FNDA:1,(anonymous_0)
FNDA:0,(anonymous_1)
FNDA:0,(anonymous_2)
FNDA:1,(anonymous_3)
FNDA:4,(anonymous_4)
FNDA:1,(anonymous_5)
FNDA:0,(anonymous_6)
FNDA:1,(anonymous_7)
FNDA:4,(anonymous_8)
FNDA:0,(anonymous_9)
FNDA:0,oo_cm
DA:1,1
DA:2,1
DA:4,1
DA:5,1
DA:10,1
DA:12,1
DA:13,1
DA:16,1
DA:17,0
DA:18,0
DA:19,0
DA:20,0
DA:23,1
DA:24,1
DA:25,1
DA:26,4
DA:27,1
DA:29,1
DA:30,1
DA:34,1
DA:35,1
DA:36,1
DA:37,1
DA:38,1
DA:44,0
DA:45,0
DA:46,0
DA:47,0
DA:49,0
DA:55,1
DA:56,1
DA:57,1
DA:58,1
DA:59,4
DA:61,1
DA:62,0
DA:63,0
DA:64,0
DA:66,1
DA:69,0
DA:72,1
DA:73,0
DA:76,1
DA:83,0
LF:44
LH:29
BRDA:5,0,0,1
BRDA:5,0,1,1
BRDA:19,1,0,0
BRDA:19,1,1,0
BRDA:27,2,0,0
BRDA:27,2,1,1
BRDA:37,3,0,1
BRDA:37,3,1,0
BRDA:45,4,0,0
BRDA:45,4,1,0
BRDA:57,5,0,1
BRDA:57,5,1,0
BRDA:61,6,0,0
BRDA:61,6,1,1
BRDA:83,7,0,0
BRDA:83,7,1,0
BRF:16
BRH:6
end_of_record
TN:
SF:server.js
FN:5,(anonymous_0)
FN:16,oo_cm
FNF:2
FNH:2
FNDA:1,(anonymous_0)
FNDA:1,oo_cm
DA:1,1
DA:3,1
DA:5,1
DA:6,1
DA:9,1
DA:16,1
LF:6
LH:6
BRDA:3,0,0,1
BRDA:3,0,1,1
BRDA:16,1,0,1
BRDA:16,1,1,1
BRF:4
BRH:4
end_of_record
